*** Starting uWSGI 2.0.18 (64bit) on [Wed Nov 18 10:35:11 2020] ***
compiled with version: 7.4.0 on 12 June 2019 13:45:22
os: Linux-4.15.0-48-generic #51-Ubuntu SMP Wed Apr 3 08:28:49 UTC 2019
nodename: iZ2ze0rm2jhmdrxk8qkhymZ
machine: x86_64
clock source: unix
detected number of CPU cores: 1
current working directory: /home/liang/flexpaper
detected binary path: /usr/local/bin/uwsgi
!!! no internal routing support, rebuild with pcre support !!!
uWSGI running as root, you can use --uid/--gid/--chroot options
*** WARNING: you are running uWSGI as root !!! (use the --uid flag) *** 
chdir() to /home/liang/flexpaper
your processes number limit is 7804
your memory page size is 4096 bytes
detected max file descriptor number: 65535
lock engine: pthread robust mutexes
thunder lock: disabled (you can enable it with --thunder-lock)
uwsgi socket 0 bound to TCP address 127.0.0.1:8001 fd 3
uWSGI running as root, you can use --uid/--gid/--chroot options
*** WARNING: you are running uWSGI as root !!! (use the --uid flag) *** 
Python version: 3.6.8 (default, Jan 14 2019, 11:02:34)  [GCC 8.0.1 20180414 (experimental) [trunk revision 259383]]
*** Python threads support is disabled. You can enable it with --enable-threads ***
Python main interpreter initialized at 0x55e6a66effc0
uWSGI running as root, you can use --uid/--gid/--chroot options
*** WARNING: you are running uWSGI as root !!! (use the --uid flag) *** 
your server socket listen backlog is limited to 100 connections
your mercy for graceful operations on workers is 60 seconds
mapped 145808 bytes (142 KB) for 1 cores
*** Operational MODE: single process ***
WSGI app 0 (mountpoint='') ready in 1 seconds on interpreter 0x55e6a66effc0 pid: 14937 (default app)
uWSGI running as root, you can use --uid/--gid/--chroot options
*** WARNING: you are running uWSGI as root !!! (use the --uid flag) *** 
*** uWSGI is running in multiple interpreter mode ***
spawned uWSGI master process (pid: 14937)
spawned uWSGI worker 1 (pid: 14939, cores: 1)
*** Starting uWSGI 2.0.19.1 (32bit) on [Thu Jun 17 15:17:41 2021] ***
compiled with version: 8.3.0 on 17 June 2021 06:43:03
os: Linux-5.4.51-v7+ #1333 SMP Mon Aug 10 16:45:19 BST 2020
nodename: raspberrypi
machine: armv7l
clock source: unix
pcre jit disabled
detected number of CPU cores: 4
current working directory: /var/www/html/flexpaper
detected binary path: /usr/local/bin/uwsgi
uWSGI running as root, you can use --uid/--gid/--chroot options
*** WARNING: you are running uWSGI as root !!! (use the --uid flag) *** 
chdir() to /var/www/html/flexpaper
your processes number limit is 6886
your memory page size is 4096 bytes
detected max file descriptor number: 1024
lock engine: pthread robust mutexes
thunder lock: disabled (you can enable it with --thunder-lock)
probably another instance of uWSGI is running on the same address (127.0.0.1:8001).
bind(): Address already in use [core/socket.c line 769]
*** Starting uWSGI 2.0.19.1 (32bit) on [Thu Jun 17 15:20:18 2021] ***
compiled with version: 8.3.0 on 17 June 2021 06:43:03
os: Linux-5.4.51-v7+ #1333 SMP Mon Aug 10 16:45:19 BST 2020
nodename: raspberrypi
machine: armv7l
clock source: unix
pcre jit disabled
detected number of CPU cores: 4
current working directory: /var/www/html/flexpaper
detected binary path: /usr/local/bin/uwsgi
uWSGI running as root, you can use --uid/--gid/--chroot options
*** WARNING: you are running uWSGI as root !!! (use the --uid flag) *** 
chdir() to /var/www/html/flexpaper
your processes number limit is 6886
your memory page size is 4096 bytes
detected max file descriptor number: 1024
lock engine: pthread robust mutexes
thunder lock: disabled (you can enable it with --thunder-lock)
probably another instance of uWSGI is running on the same address (127.0.0.1:8001).
bind(): Address already in use [core/socket.c line 769]
*** Starting uWSGI 2.0.19.1 (32bit) on [Thu Jun 17 15:20:25 2021] ***
compiled with version: 8.3.0 on 17 June 2021 06:43:03
os: Linux-5.4.51-v7+ #1333 SMP Mon Aug 10 16:45:19 BST 2020
nodename: raspberrypi
machine: armv7l
clock source: unix
pcre jit disabled
detected number of CPU cores: 4
current working directory: /var/www/html/flexpaper
detected binary path: /usr/local/bin/uwsgi
uWSGI running as root, you can use --uid/--gid/--chroot options
*** WARNING: you are running uWSGI as root !!! (use the --uid flag) *** 
chdir() to /var/www/html/flexpaper
your processes number limit is 6886
your memory page size is 4096 bytes
detected max file descriptor number: 1024
lock engine: pthread robust mutexes
thunder lock: disabled (you can enable it with --thunder-lock)
probably another instance of uWSGI is running on the same address (127.0.0.1:8001).
bind(): Address already in use [core/socket.c line 769]
*** Starting uWSGI 2.0.19.1 (32bit) on [Thu Jun 17 15:25:42 2021] ***
compiled with version: 8.3.0 on 17 June 2021 06:43:03
os: Linux-5.4.51-v7+ #1333 SMP Mon Aug 10 16:45:19 BST 2020
nodename: raspberrypi
machine: armv7l
clock source: unix
pcre jit disabled
detected number of CPU cores: 4
current working directory: /var/www/html/flexpaper
detected binary path: /usr/local/bin/uwsgi
uWSGI running as root, you can use --uid/--gid/--chroot options
*** WARNING: you are running uWSGI as root !!! (use the --uid flag) *** 
chdir() to /var/www/html/flexpaper
your processes number limit is 6886
your memory page size is 4096 bytes
detected max file descriptor number: 1024
lock engine: pthread robust mutexes
thunder lock: disabled (you can enable it with --thunder-lock)
uwsgi socket 0 bound to TCP address 127.0.0.1:8001 fd 3
uWSGI running as root, you can use --uid/--gid/--chroot options
*** WARNING: you are running uWSGI as root !!! (use the --uid flag) *** 
Python version: 3.7.3 (default, Jul 25 2020, 13:03:44)  [GCC 8.3.0]
*** Python threads support is disabled. You can enable it with --enable-threads ***
Python main interpreter initialized at 0x1fa9af8
uWSGI running as root, you can use --uid/--gid/--chroot options
*** WARNING: you are running uWSGI as root !!! (use the --uid flag) *** 
your server socket listen backlog is limited to 100 connections
your mercy for graceful operations on workers is 60 seconds
mapped 128800 bytes (125 KB) for 1 cores
*** Operational MODE: single process ***
WSGI app 0 (mountpoint='') ready in 4 seconds on interpreter 0x1fa9af8 pid: 5012 (default app)
uWSGI running as root, you can use --uid/--gid/--chroot options
*** WARNING: you are running uWSGI as root !!! (use the --uid flag) *** 
*** uWSGI is running in multiple interpreter mode ***
spawned uWSGI master process (pid: 5012)
spawned uWSGI worker 1 (pid: 5094, cores: 1)
